 * Serving Flask app "main" (lazy loading)
 * Environment: production
   WARNING: This is a development server. Do not use it in a production deployment.
   Use a production WSGI server instead.
 * Debug mode: off
 * Running on http://0.0.0.0:5000/ (Press CTRL+C to quit)
172.17.0.1 - - [29/Apr/2021 14:37:56] "[37mPOST /event/list HTTP/1.1[0m" 200 -
172.17.0.1 - - [29/Apr/2021 14:38:00] "[37mPOST /notice/page1 HTTP/1.1[0m" 200 -
172.17.0.1 - - [29/Apr/2021 14:38:03] "[37mPOST /notice/page2 HTTP/1.1[0m" 200 -
172.17.0.1 - - [29/Apr/2021 14:38:09] "[37mPOST /notice/page1 HTTP/1.1[0m" 200 -
172.17.0.1 - - [29/Apr/2021 14:38:34] "[37mPOST /purchase/maker HTTP/1.1[0m" 200 -
172.17.0.1 - - [29/Apr/2021 14:38:36] "[37mPOST /purchase/group HTTP/1.1[0m" 200 -
172.17.0.1 - - [29/Apr/2021 14:38:42] "[37mPOST /purchase/group HTTP/1.1[0m" 200 -
172.17.0.1 - - [29/Apr/2021 14:38:59] "[37mPOST /purchase/group HTTP/1.1[0m" 200 -
172.17.0.1 - - [29/Apr/2021 14:39:46] "[37mPOST /purchase/group HTTP/1.1[0m" 200 -
172.17.0.1 - - [29/Apr/2021 14:40:31] "[37mPOST /purchase/group HTTP/1.1[0m" 200 -
172.17.0.1 - - [29/Apr/2021 14:41:01] "[37mPOST /purchase/maker HTTP/1.1[0m" 200 -
172.17.0.1 - - [29/Apr/2021 14:41:17] "[37mPOST /purchase/group HTTP/1.1[0m" 200 -
172.17.0.1 - - [29/Apr/2021 14:41:18] "[37mPOST /purchase/model HTTP/1.1[0m" 200 -
172.17.0.1 - - [29/Apr/2021 14:41:24] "[37mPOST /purchase/spec HTTP/1.1[0m" 200 -
172.17.0.1 - - [29/Apr/2021 14:41:25] "[37mPOST /purchase/storage HTTP/1.1[0m" 200 -
172.17.0.1 - - [29/Apr/2021 14:41:26] "[37mPOST /purchase/marketprice HTTP/1.1[0m" 200 -
172.17.0.1 - - [29/Apr/2021 14:41:28] "[37mPOST /purchase/color HTTP/1.1[0m" 200 -
172.17.0.1 - - [29/Apr/2021 14:41:29] "[37mPOST /purchase/marketprice HTTP/1.1[0m" 200 -
172.17.0.1 - - [29/Apr/2021 14:41:30] "[37mPOST /purchase/color HTTP/1.1[0m" 200 -
172.17.0.1 - - [29/Apr/2021 14:41:31] "[37mPOST /purchase/check HTTP/1.1[0m" 200 -
172.17.0.1 - - [29/Apr/2021 14:41:33] "[37mPOST /purchase/list HTTP/1.1[0m" 200 -
172.17.0.1 - - [29/Apr/2021 14:41:34] "[37mPOST /purchase/item HTTP/1.1[0m" 200 -
172.17.0.1 - - [29/Apr/2021 14:41:35] "[37mPOST /purchase/maker HTTP/1.1[0m" 200 -
172.17.0.1 - - [29/Apr/2021 14:41:36] "[37mPOST /purchase/buy HTTP/1.1[0m" 200 -
172.17.0.1 - - [29/Apr/2021 14:41:41] "[37mPOST /purchase/group HTTP/1.1[0m" 200 -
172.17.0.1 - - [29/Apr/2021 14:41:45] "[37mPOST /purchase/spec HTTP/1.1[0m" 200 -
172.17.0.1 - - [29/Apr/2021 14:41:47] "[37mPOST /purchase/storage HTTP/1.1[0m" 200 -
172.17.0.1 - - [29/Apr/2021 14:41:49] "[37mPOST /purchase/marketprice HTTP/1.1[0m" 200 -
172.17.0.1 - - [29/Apr/2021 14:41:54] "[37mPOST /purchase/color HTTP/1.1[0m" 200 -
172.17.0.1 - - [29/Apr/2021 14:41:57] "[37mPOST /purchase/marketprice HTTP/1.1[0m" 200 -
172.17.0.1 - - [29/Apr/2021 14:42:00] "[37mPOST /purchase/color HTTP/1.1[0m" 200 -
172.17.0.1 - - [29/Apr/2021 14:42:02] "[37mPOST /purchase/check HTTP/1.1[0m" 200 -
172.17.0.1 - - [29/Apr/2021 14:42:05] "[37mPOST /purchase/list HTTP/1.1[0m" 200 -
172.17.0.1 - - [29/Apr/2021 14:42:10] "[37mPOST /purchase/item HTTP/1.1[0m" 200 -
172.17.0.1 - - [29/Apr/2021 14:42:15] "[37mPOST /purchase/buy HTTP/1.1[0m" 200 -
172.17.0.1 - - [29/Apr/2021 14:42:35] "[37mPOST /notice/page1 HTTP/1.1[0m" 200 -
172.17.0.1 - - [29/Apr/2021 14:42:40] "[37mPOST /notice/page2 HTTP/1.1[0m" 200 -
172.17.0.1 - - [29/Apr/2021 14:43:07] "[37mPOST /event/list HTTP/1.1[0m" 200 -
172.17.0.1 - - [29/Apr/2021 14:43:10] "[37mPOST /event/list HTTP/1.1[0m" 200 -
172.17.0.1 - - [29/Apr/2021 14:43:28] "[37mPOST /notice/page1 HTTP/1.1[0m" 200 -
172.17.0.1 - - [29/Apr/2021 14:43:41] "[37mPOST /event/list HTTP/1.1[0m" 200 -
172.17.0.1 - - [29/Apr/2021 14:43:47] "[37mPOST /expert/manufacture HTTP/1.1[0m" 200 -
172.17.0.1 - - [29/Apr/2021 14:44:26] "[37mPOST /expert/manufacture HTTP/1.1[0m" 200 -
172.17.0.1 - - [29/Apr/2021 14:44:30] "[37mPOST /expert/model HTTP/1.1[0m" 200 -
172.17.0.1 - - [29/Apr/2021 14:44:35] "[37mPOST /expert/series HTTP/1.1[0m" 200 -
172.17.0.1 - - [29/Apr/2021 14:44:37] "[37mPOST /expert/capacity HTTP/1.1[0m" 200 -
172.17.0.1 - - [29/Apr/2021 14:44:38] "[37mPOST /expert/color HTTP/1.1[0m" 200 -
172.17.0.1 - - [29/Apr/2021 14:44:40] "[37mPOST /expert/grade HTTP/1.1[0m" 200 -
172.17.0.1 - - [29/Apr/2021 14:44:46] "[37mPOST /expert/additional HTTP/1.1[0m" 200 -
172.17.0.1 - - [29/Apr/2021 14:44:51] "[37mPOST /expert/send HTTP/1.1[0m" 200 -
{'version': '2.0', 'template': {'outputs': [{'listCard': {'header': {'title': 'ê³µì§€ì‚¬í•­ì„ ì•Œë ¤ë“œë¦½ë‹ˆë‹¤.'}, 'items': [{'title': '[ë‹¹ì²¨ì ë°œí‘œ] ê³µì‹ ì¸ìŠ¤íƒ€ê·¸ë¨ <ê½ƒí”¼ëŠ” ë°¸ëŸ°ìŠ¤> ì´ë²¤íŠ¸', 'description': 'ë¦¬ì–¼ì…€ëŸ¬ 03-23', 'link': {'web': 'https://real-seller.com:443/bbs/board.php?bo_table=notice&wr_id=34&ca_id='}}, {'title': '[ë‹¹ì²¨ì ë°œí‘œ] ì•„ì´í°, ë­ê°€ ë¶ˆí¸í–ˆë‹ˆ? ì„¤ë¬¸ì´ë²¤íŠ¸', 'description': 'ë¦¬ì–¼ì…€ëŸ¬ 03-02', 'link': {'web': 'https://real-seller.com:443/bbs/board.php?bo_table=notice&wr_id=33&ca_id='}}, {'title': '[ë‹¹ì²¨ì ë°œí‘œ] ê³µì‹ ì¸ìŠ¤íƒ€ê·¸ë¨ <ì¡¸ì—… ì‹œì¼œì£¼ì„¸ìš”!> ì¡¸ì—…ì‹œì¦Œ ì´ë²¤íŠ¸', 'description': 'ë¦¬ì–¼ì…€ëŸ¬ 03-02', 'link': {'web': 'https://real-seller.com:443/bbs/board.php?bo_table=notice&wr_id=32&ca_id='}}, {'title': '[ì´ë²¤íŠ¸] ì…€í”„ê°œí†µí•˜ë©´ ì—ì–´íŒŸí”„ë¡œë“± ì‚¬ì€í’ˆ ë“œë ¤ìš”!', 'description': 'ë¦¬ì–¼ì…€ëŸ¬ 05-25', 'link': {'web': 'https://real-seller.com:443/bbs/board.php?bo_table=notice&wr_id=18&ca_id='}}, {'title': '[ë‹¹ì²¨ì ë°œí‘œ]  ê³µì‹ ì¸ìŠ¤íƒ€ê·¸ë¨ <ë¦´ë ˆì´ ì†Œì„¤> ì„¤ë‚  ì´ë²¤íŠ¸', 'description': 'ë¦¬ì–¼ì…€ëŸ¬ 02-16', 'link': {'web': 'https://real-seller.com:443/bbs/board.php?bo_table=notice&wr_id=31&ca_id='}}], 'buttons': [{'label': 'ê³µì§€ì‚¬í•­ ë”ë³´ê¸°', 'action': 'message', 'messageText': 'ê³µì§€ì‚¬í•­ ë”ë³´ê¸°'}]}}]}}
{'version': '2.0', 'template': {'outputs': [{'listCard': {'header': {'title': 'ê³µì§€ì‚¬í•­ì„ ì•Œë ¤ë“œë¦½ë‹ˆë‹¤.'}, 'items': [{'title': 'ì›Œë‹› ì‚¬ì€í’ˆ ì¸ì¦ìƒ· ì´ë²¤íŠ¸ ë‹¹ì²¨ìë°œí‘œ', 'description': 'ë¦¬ì–¼ì…€ëŸ¬ 12-29', 'link': {'web': 'https://real-seller.com:443/bbs/board.php?bo_table=notice&wr_id=28&ca_id='}}, {'title': '[ë‹¹ì²¨ì ë°œí‘œ] ì›Œë‹› í•œëŒ ê¸°ë… ì´ë²¤íŠ¸', 'description': 'ë¦¬ì–¼ì…€ëŸ¬ 12-01', 'link': {'web': 'https://real-seller.com:443/bbs/board.php?bo_table=notice&wr_id=27&ca_id='}}, {'title': '[ë§ˆê°]íœ´ëŒ€ìš© ë³´ì¡° ë°°í„°ë¦¬ë¥¼ ë“œë¦½ë‹ˆë‹¤.', 'description': 'ë¦¬ì–¼ì…€ëŸ¬ 11-26', 'link': {'web': 'https://real-seller.com:443/bbs/board.php?bo_table=notice&wr_id=26&ca_id='}}, {'title': 'í•œëŒ ê¸°ë… ì´ë²¤íŠ¸ ì¢…ë£Œ ì•ˆë‚´ ë° ë‹¹ì²¨ì ë°œí‘œ ê´€ë ¨ ê³µì§€', 'description': 'ë¦¬ì–¼ì…€ëŸ¬ 11-26', 'link': {'web': 'https://real-seller.com:443/bbs/board.php?bo_table=notice&wr_id=25&ca_id='}}]}}]}}
{'version': '2.0', 'template': {'outputs': [{'listCard': {'header': {'title': 'ê³µì§€ì‚¬í•­ì„ ì•Œë ¤ë“œë¦½ë‹ˆë‹¤.'}, 'items': [{'title': '[ë‹¹ì²¨ì ë°œí‘œ] ê³µì‹ ì¸ìŠ¤íƒ€ê·¸ë¨ <ê½ƒí”¼ëŠ” ë°¸ëŸ°ìŠ¤> ì´ë²¤íŠ¸', 'description': 'ë¦¬ì–¼ì…€ëŸ¬ 03-23', 'link': {'web': 'https://real-seller.com:443/bbs/board.php?bo_table=notice&wr_id=34&ca_id='}}, {'title': '[ë‹¹ì²¨ì ë°œí‘œ] ì•„ì´í°, ë­ê°€ ë¶ˆí¸í–ˆë‹ˆ? ì„¤ë¬¸ì´ë²¤íŠ¸', 'description': 'ë¦¬ì–¼ì…€ëŸ¬ 03-02', 'link': {'web': 'https://real-seller.com:443/bbs/board.php?bo_table=notice&wr_id=33&ca_id='}}, {'title': '[ë‹¹ì²¨ì ë°œí‘œ] ê³µì‹ ì¸ìŠ¤íƒ€ê·¸ë¨ <ì¡¸ì—… ì‹œì¼œì£¼ì„¸ìš”!> ì¡¸ì—…ì‹œì¦Œ ì´ë²¤íŠ¸', 'description': 'ë¦¬ì–¼ì…€ëŸ¬ 03-02', 'link': {'web': 'https://real-seller.com:443/bbs/board.php?bo_table=notice&wr_id=32&ca_id='}}, {'title': '[ì´ë²¤íŠ¸] ì…€í”„ê°œí†µí•˜ë©´ ì—ì–´íŒŸí”„ë¡œë“± ì‚¬ì€í’ˆ ë“œë ¤ìš”!', 'description': 'ë¦¬ì–¼ì…€ëŸ¬ 05-25', 'link': {'web': 'https://real-seller.com:443/bbs/board.php?bo_table=notice&wr_id=18&ca_id='}}, {'title': '[ë‹¹ì²¨ì ë°œí‘œ]  ê³µì‹ ì¸ìŠ¤íƒ€ê·¸ë¨ <ë¦´ë ˆì´ ì†Œì„¤> ì„¤ë‚  ì´ë²¤íŠ¸', 'description': 'ë¦¬ì–¼ì…€ëŸ¬ 02-16', 'link': {'web': 'https://real-seller.com:443/bbs/board.php?bo_table=notice&wr_id=31&ca_id='}}], 'buttons': [{'label': 'ê³µì§€ì‚¬í•­ ë”ë³´ê¸°', 'action': 'message', 'messageText': 'ê³µì§€ì‚¬í•­ ë”ë³´ê¸°'}]}}]}}
{'version': '2.0', 'template': {'outputs': [{'listCard': {'header': {'title': 'ê³µì§€ì‚¬í•­ì„ ì•Œë ¤ë“œë¦½ë‹ˆë‹¤.'}, 'items': [{'title': '[ë‹¹ì²¨ì ë°œí‘œ] ê³µì‹ ì¸ìŠ¤íƒ€ê·¸ë¨ <ê½ƒí”¼ëŠ” ë°¸ëŸ°ìŠ¤> ì´ë²¤íŠ¸', 'description': 'ë¦¬ì–¼ì…€ëŸ¬ 03-23', 'link': {'web': 'https://real-seller.com:443/bbs/board.php?bo_table=notice&wr_id=34&ca_id='}}, {'title': '[ë‹¹ì²¨ì ë°œí‘œ] ì•„ì´í°, ë­ê°€ ë¶ˆí¸í–ˆë‹ˆ? ì„¤ë¬¸ì´ë²¤íŠ¸', 'description': 'ë¦¬ì–¼ì…€ëŸ¬ 03-02', 'link': {'web': 'https://real-seller.com:443/bbs/board.php?bo_table=notice&wr_id=33&ca_id='}}, {'title': '[ë‹¹ì²¨ì ë°œí‘œ] ê³µì‹ ì¸ìŠ¤íƒ€ê·¸ë¨ <ì¡¸ì—… ì‹œì¼œì£¼ì„¸ìš”!> ì¡¸ì—…ì‹œì¦Œ ì´ë²¤íŠ¸', 'description': 'ë¦¬ì–¼ì…€ëŸ¬ 03-02', 'link': {'web': 'https://real-seller.com:443/bbs/board.php?bo_table=notice&wr_id=32&ca_id='}}, {'title': '[ì´ë²¤íŠ¸] ì…€í”„ê°œí†µí•˜ë©´ ì—ì–´íŒŸí”„ë¡œë“± ì‚¬ì€í’ˆ ë“œë ¤ìš”!', 'description': 'ë¦¬ì–¼ì…€ëŸ¬ 05-25', 'link': {'web': 'https://real-seller.com:443/bbs/board.php?bo_table=notice&wr_id=18&ca_id='}}, {'title': '[ë‹¹ì²¨ì ë°œí‘œ]  ê³µì‹ ì¸ìŠ¤íƒ€ê·¸ë¨ <ë¦´ë ˆì´ ì†Œì„¤> ì„¤ë‚  ì´ë²¤íŠ¸', 'description': 'ë¦¬ì–¼ì…€ëŸ¬ 02-16', 'link': {'web': 'https://real-seller.com:443/bbs/board.php?bo_table=notice&wr_id=31&ca_id='}}], 'buttons': [{'label': 'ê³µì§€ì‚¬í•­ ë”ë³´ê¸°', 'action': 'message', 'messageText': 'ê³µì§€ì‚¬í•­ ë”ë³´ê¸°'}]}}]}}
{'version': '2.0', 'template': {'outputs': [{'listCard': {'header': {'title': 'ê³µì§€ì‚¬í•­ì„ ì•Œë ¤ë“œë¦½ë‹ˆë‹¤.'}, 'items': [{'title': 'ì›Œë‹› ì‚¬ì€í’ˆ ì¸ì¦ìƒ· ì´ë²¤íŠ¸ ë‹¹ì²¨ìë°œí‘œ', 'description': 'ë¦¬ì–¼ì…€ëŸ¬ 12-29', 'link': {'web': 'https://real-seller.com:443/bbs/board.php?bo_table=notice&wr_id=28&ca_id='}}, {'title': '[ë‹¹ì²¨ì ë°œí‘œ] ì›Œë‹› í•œëŒ ê¸°ë… ì´ë²¤íŠ¸', 'description': 'ë¦¬ì–¼ì…€ëŸ¬ 12-01', 'link': {'web': 'https://real-seller.com:443/bbs/board.php?bo_table=notice&wr_id=27&ca_id='}}, {'title': '[ë§ˆê°]íœ´ëŒ€ìš© ë³´ì¡° ë°°í„°ë¦¬ë¥¼ ë“œë¦½ë‹ˆë‹¤.', 'description': 'ë¦¬ì–¼ì…€ëŸ¬ 11-26', 'link': {'web': 'https://real-seller.com:443/bbs/board.php?bo_table=notice&wr_id=26&ca_id='}}, {'title': 'í•œëŒ ê¸°ë… ì´ë²¤íŠ¸ ì¢…ë£Œ ì•ˆë‚´ ë° ë‹¹ì²¨ì ë°œí‘œ ê´€ë ¨ ê³µì§€', 'description': 'ë¦¬ì–¼ì…€ëŸ¬ 11-26', 'link': {'web': 'https://real-seller.com:443/bbs/board.php?bo_table=notice&wr_id=25&ca_id='}}]}}]}}
{'version': '2.0', 'template': {'outputs': [{'listCard': {'header': {'title': 'ê³µì§€ì‚¬í•­ì„ ì•Œë ¤ë“œë¦½ë‹ˆë‹¤.'}, 'items': [{'title': '[ë‹¹ì²¨ì ë°œí‘œ] ê³µì‹ ì¸ìŠ¤íƒ€ê·¸ë¨ <ê½ƒí”¼ëŠ” ë°¸ëŸ°ìŠ¤> ì´ë²¤íŠ¸', 'description': 'ë¦¬ì–¼ì…€ëŸ¬ 03-23', 'link': {'web': 'https://real-seller.com:443/bbs/board.php?bo_table=notice&wr_id=34&ca_id='}}, {'title': '[ë‹¹ì²¨ì ë°œí‘œ] ì•„ì´í°, ë­ê°€ ë¶ˆí¸í–ˆë‹ˆ? ì„¤ë¬¸ì´ë²¤íŠ¸', 'description': 'ë¦¬ì–¼ì…€ëŸ¬ 03-02', 'link': {'web': 'https://real-seller.com:443/bbs/board.php?bo_table=notice&wr_id=33&ca_id='}}, {'title': '[ë‹¹ì²¨ì ë°œí‘œ] ê³µì‹ ì¸ìŠ¤íƒ€ê·¸ë¨ <ì¡¸ì—… ì‹œì¼œì£¼ì„¸ìš”!> ì¡¸ì—…ì‹œì¦Œ ì´ë²¤íŠ¸', 'description': 'ë¦¬ì–¼ì…€ëŸ¬ 03-02', 'link': {'web': 'https://real-seller.com:443/bbs/board.php?bo_table=notice&wr_id=32&ca_id='}}, {'title': '[ì´ë²¤íŠ¸] ì…€í”„ê°œí†µí•˜ë©´ ì—ì–´íŒŸí”„ë¡œë“± ì‚¬ì€í’ˆ ë“œë ¤ìš”!', 'description': 'ë¦¬ì–¼ì…€ëŸ¬ 05-25', 'link': {'web': 'https://real-seller.com:443/bbs/board.php?bo_table=notice&wr_id=18&ca_id='}}, {'title': '[ë‹¹ì²¨ì ë°œí‘œ]  ê³µì‹ ì¸ìŠ¤íƒ€ê·¸ë¨ <ë¦´ë ˆì´ ì†Œì„¤> ì„¤ë‚  ì´ë²¤íŠ¸', 'description': 'ë¦¬ì–¼ì…€ëŸ¬ 02-16', 'link': {'web': 'https://real-seller.com:443/bbs/board.php?bo_table=notice&wr_id=31&ca_id='}}], 'buttons': [{'label': 'ê³µì§€ì‚¬í•­ ë”ë³´ê¸°', 'action': 'message', 'messageText': 'ê³µì§€ì‚¬í•­ ë”ë³´ê¸°'}]}}]}}
{'version': '2.0', 'template': {'outputs': [{'listCard': {'header': {'title': 'ê³µì§€ì‚¬í•­ì„ ì•Œë ¤ë“œë¦½ë‹ˆë‹¤.'}, 'items': [{'title': '[ë‹¹ì²¨ì ë°œí‘œ] ê³µì‹ ì¸ìŠ¤íƒ€ê·¸ë¨ <ê½ƒí”¼ëŠ” ë°¸ëŸ°ìŠ¤> ì´ë²¤íŠ¸', 'description': 'ë¦¬ì–¼ì…€ëŸ¬ 03-23', 'link': {'web': 'https://real-seller.com:443/bbs/board.php?bo_table=notice&wr_id=34&ca_id='}}, {'title': '[ë‹¹ì²¨ì ë°œí‘œ] ì•„ì´í°, ë­ê°€ ë¶ˆí¸í–ˆë‹ˆ? ì„¤ë¬¸ì´ë²¤íŠ¸', 'description': 'ë¦¬ì–¼ì…€ëŸ¬ 03-02', 'link': {'web': 'https://real-seller.com:443/bbs/board.php?bo_table=notice&wr_id=33&ca_id='}}, {'title': '[ë‹¹ì²¨ì ë°œí‘œ] ê³µì‹ ì¸ìŠ¤íƒ€ê·¸ë¨ <ì¡¸ì—… ì‹œì¼œì£¼ì„¸ìš”!> ì¡¸ì—…ì‹œì¦Œ ì´ë²¤íŠ¸', 'description': 'ë¦¬ì–¼ì…€ëŸ¬ 03-02', 'link': {'web': 'https://real-seller.com:443/bbs/board.php?bo_table=notice&wr_id=32&ca_id='}}, {'title': '[ì´ë²¤íŠ¸] ì…€í”„ê°œí†µí•˜ë©´ ì—ì–´íŒŸí”„ë¡œë“± ì‚¬ì€í’ˆ ë“œë ¤ìš”!', 'description': 'ë¦¬ì–¼ì…€ëŸ¬ 05-25', 'link': {'web': 'https://real-seller.com:443/bbs/board.php?bo_table=notice&wr_id=18&ca_id='}}, {'title': '[ë‹¹ì²¨ì ë°œí‘œ]  ê³µì‹ ì¸ìŠ¤íƒ€ê·¸ë¨ <ë¦´ë ˆì´ ì†Œì„¤> ì„¤ë‚  ì´ë²¤íŠ¸', 'description': 'ë¦¬ì–¼ì…€ëŸ¬ 02-16', 'link': {'web': 'https://real-seller.com:443/bbs/board.php?bo_table=notice&wr_id=31&ca_id='}}], 'buttons': [{'label': 'ê³µì§€ì‚¬í•­ ë”ë³´ê¸°', 'action': 'message', 'messageText': 'ê³µì§€ì‚¬í•­ ë”ë³´ê¸°'}]}}]}}172.17.0.1 - - [29/Apr/2021 14:50:39] "[37mPOST /notice/page1 HTTP/1.1[0m" 200 -
172.17.0.1 - - [30/Apr/2021 00:33:19] "[37mPOST /notice/page1 HTTP/1.1[0m" 200 -
172.17.0.1 - - [30/Apr/2021 11:40:12] "[37mPOST /event/list HTTP/1.1[0m" 200 -
172.17.0.1 - - [30/Apr/2021 12:17:18] "[37mPOST /notice/page1 HTTP/1.1[0m" 200 -
172.17.0.1 - - [30/Apr/2021 12:17:20] "[37mPOST /notice/page2 HTTP/1.1[0m" 200 -
172.17.0.1 - - [01/May/2021 05:05:54] "[37mPOST /purchase/maker HTTP/1.1[0m" 200 -
172.17.0.1 - - [01/May/2021 05:05:56] "[37mPOST /purchase/group HTTP/1.1[0m" 200 -
172.17.0.1 - - [01/May/2021 05:06:10] "[37mPOST /purchase/spec HTTP/1.1[0m" 200 -
172.17.0.1 - - [01/May/2021 05:06:13] "[37mPOST /purchase/storage HTTP/1.1[0m" 200 -
172.17.0.1 - - [01/May/2021 05:06:14] "[37mPOST /purchase/marketprice HTTP/1.1[0m" 200 -
172.17.0.1 - - [01/May/2021 05:06:22] "[37mPOST /purchase/color HTTP/1.1[0m" 200 -
172.17.0.1 - - [01/May/2021 05:06:26] "[37mPOST /purchase/check HTTP/1.1[0m" 200 -
172.17.0.1 - - [01/May/2021 05:06:28] "[37mPOST /purchase/list HTTP/1.1[0m" 200 -
172.17.0.1 - - [01/May/2021 05:06:37] "[37mPOST /purchase/item HTTP/1.1[0m" 200 -
172.17.0.1 - - [01/May/2021 14:26:32] "[37mPOST /notice/page1 HTTP/1.1[0m" 200 -
172.17.0.1 - - [01/May/2021 14:26:51] "[37mPOST /event/list HTTP/1.1[0m" 200 -
172.17.0.1 - - [01/May/2021 14:33:29] "[37mPOST /purchase/maker HTTP/1.1[0m" 200 -
172.17.0.1 - - [01/May/2021 14:33:31] "[37mPOST /purchase/group HTTP/1.1[0m" 200 -
172.17.0.1 - - [01/May/2021 14:33:37] "[37mPOST /purchase/maker HTTP/1.1[0m" 200 -
172.17.0.1 - - [01/May/2021 14:33:40] "[37mPOST /purchase/group HTTP/1.1[0m" 200 -
172.17.0.1 - - [01/May/2021 14:33:50] "[37mPOST /purchase/model HTTP/1.1[0m" 200 -
172.17.0.1 - - [01/May/2021 14:34:10] "[37mPOST /purchase/spec HTTP/1.1[0m" 200 -
[2021-05-01 14:34:12,188] ERROR in app: Exception on /purchase/storage [POST]
Traceback (most recent call last):
  File "/workspace/RealSeller-ChatBot/venv/lib/python3.7/site-packages/pandas/core/indexes/range.py", line 351, in get_loc
    return self._range.index(new_key)
ValueError: 0 is not in range

The above exception was the direct cause of the following exception:

Traceback (most recent call last):
  File "/workspace/RealSeller-ChatBot/venv/lib/python3.7/site-packages/flask/app.py", line 2447, in wsgi_app
    response = self.full_dispatch_request()
  File "/workspace/RealSeller-ChatBot/venv/lib/python3.7/site-packages/flask/app.py", line 1952, in full_dispatch_request
    rv = self.handle_user_exception(e)
  File "/workspace/RealSeller-ChatBot/venv/lib/python3.7/site-packages/flask/app.py", line 1821, in handle_user_exception
    reraise(exc_type, exc_value, tb)
  File "/workspace/RealSeller-ChatBot/venv/lib/python3.7/site-packages/flask/_compat.py", line 39, in reraise
    raise value
  File "/workspace/RealSeller-ChatBot/venv/lib/python3.7/site-packages/flask/app.py", line 1950, in full_dispatch_request
    rv = self.dispatch_request()
  File "/workspace/RealSeller-ChatBot/venv/lib/python3.7/site-packages/flask/app.py", line 1936, in dispatch_request
    return self.view_functions[rule.endpoint](**req.view_args)
  File "main.py", line 292, in purchase_storage
    {"simpleText" : f"ì§ ~ {df2['ppl_name'][0]}ê¹Œì§€ ì„ íƒí•˜ì…¨ìŠµë‹ˆë‹¤.\nìš©ëŸ‰ì€ ì–´ëŠ ì •ë„ë¡œ ìƒê°í•˜ì‹œë‚˜ìš”?"}],
  File "/workspace/RealSeller-ChatBot/venv/lib/python3.7/site-packages/pandas/core/series.py", line 853, in __getitem__
    return self._get_value(key)
  File "/workspace/RealSeller-ChatBot/venv/lib/python3.7/site-packages/pandas/core/series.py", line 961, in _get_value
    loc = self.index.get_loc(label)
  File "/workspace/RealSeller-ChatBot/venv/lib/python3.7/site-packages/pandas/core/indexes/range.py", line 353, in get_loc
    raise KeyError(key) from err
KeyError: 0
172.17.0.1 - - [01/May/2021 14:34:12] "[35m[1mPOST /purchase/storage HTTP/1.1[0m" 500 -
[2021-05-01 14:34:18,094] ERROR in app: Exception on /purchase/storage [POST]
Traceback (most recent call last):
  File "/workspace/RealSeller-ChatBot/venv/lib/python3.7/site-packages/pandas/core/indexes/range.py", line 351, in get_loc
    return self._range.index(new_key)
ValueError: 0 is not in range

The above exception was the direct cause of the following exception:

Traceback (most recent call last):
  File "/workspace/RealSeller-ChatBot/venv/lib/python3.7/site-packages/flask/app.py", line 2447, in wsgi_app
    response = self.full_dispatch_request()
  File "/workspace/RealSeller-ChatBot/venv/lib/python3.7/site-packages/flask/app.py", line 1952, in full_dispatch_request
    rv = self.handle_user_exception(e)
  File "/workspace/RealSeller-ChatBot/venv/lib/python3.7/site-packages/flask/app.py", line 1821, in handle_user_exception
    reraise(exc_type, exc_value, tb)
  File "/workspace/RealSeller-ChatBot/venv/lib/python3.7/site-packages/flask/_compat.py", line 39, in reraise
    raise value
  File "/workspace/RealSeller-ChatBot/venv/lib/python3.7/site-packages/flask/app.py", line 1950, in full_dispatch_request
    rv = self.dispatch_request()
  File "/workspace/RealSeller-ChatBot/venv/lib/python3.7/site-packages/flask/app.py", line 1936, in dispatch_request
    return self.view_functions[rule.endpoint](**req.view_args)
  File "main.py", line 292, in purchase_storage
    {"simpleText" : f"ì§ ~ {df2['ppl_name'][0]}ê¹Œì§€ ì„ íƒí•˜ì…¨ìŠµë‹ˆë‹¤.\nìš©ëŸ‰ì€ ì–´ëŠ ì •ë„ë¡œ ìƒê°í•˜ì‹œë‚˜ìš”?"}],
  File "/workspace/RealSeller-ChatBot/venv/lib/python3.7/site-packages/pandas/core/series.py", line 853, in __getitem__
    return self._get_value(key)
  File "/workspace/RealSeller-ChatBot/venv/lib/python3.7/site-packages/pandas/core/series.py", line 961, in _get_value
    loc = self.index.get_loc(label)
  File "/workspace/RealSeller-ChatBot/venv/lib/python3.7/site-packages/pandas/core/indexes/range.py", line 353, in get_loc
    raise KeyError(key) from err
KeyError: 0
172.17.0.1 - - [01/May/2021 14:34:18] "[35m[1mPOST /purchase/storage HTTP/1.1[0m" 500 -
172.17.0.1 - - [01/May/2021 14:34:22] "[37mPOST /purchase/spec HTTP/1.1[0m" 200 -
[2021-05-01 14:34:23,390] ERROR in app: Exception on /purchase/storage [POST]
Traceback (most recent call last):
  File "/workspace/RealSeller-ChatBot/venv/lib/python3.7/site-packages/pandas/core/indexes/range.py", line 351, in get_loc
    return self._range.index(new_key)
ValueError: 0 is not in range

The above exception was the direct cause of the following exception:

Traceback (most recent call last):
  File "/workspace/RealSeller-ChatBot/venv/lib/python3.7/site-packages/flask/app.py", line 2447, in wsgi_app
    response = self.full_dispatch_request()
  File "/workspace/RealSeller-ChatBot/venv/lib/python3.7/site-packages/flask/app.py", line 1952, in full_dispatch_request
    rv = self.handle_user_exception(e)
  File "/workspace/RealSeller-ChatBot/venv/lib/python3.7/site-packages/flask/app.py", line 1821, in handle_user_exception
    reraise(exc_type, exc_value, tb)
  File "/workspace/RealSeller-ChatBot/venv/lib/python3.7/site-packages/flask/_compat.py", line 39, in reraise
    raise value
  File "/workspace/RealSeller-ChatBot/venv/lib/python3.7/site-packages/flask/app.py", line 1950, in full_dispatch_request
    rv = self.dispatch_request()
  File "/workspace/RealSeller-ChatBot/venv/lib/python3.7/site-packages/flask/app.py", line 1936, in dispatch_request
    return self.view_functions[rule.endpoint](**req.view_args)
  File "main.py", line 292, in purchase_storage
    {"simpleText" : f"ì§ ~ {df2['ppl_name'][0]}ê¹Œì§€ ì„ íƒí•˜ì…¨ìŠµë‹ˆë‹¤.\nìš©ëŸ‰ì€ ì–´ëŠ ì •ë„ë¡œ ìƒê°í•˜ì‹œë‚˜ìš”?"}],
  File "/workspace/RealSeller-ChatBot/venv/lib/python3.7/site-packages/pandas/core/series.py", line 853, in __getitem__
    return self._get_value(key)
  File "/workspace/RealSeller-ChatBot/venv/lib/python3.7/site-packages/pandas/core/series.py", line 961, in _get_value
    loc = self.index.get_loc(label)
  File "/workspace/RealSeller-ChatBot/venv/lib/python3.7/site-packages/pandas/core/indexes/range.py", line 353, in get_loc
    raise KeyError(key) from err
KeyError: 0
172.17.0.1 - - [01/May/2021 14:34:23] "[35m[1mPOST /purchase/storage HTTP/1.1[0m" 500 -
172.17.0.1 - - [01/May/2021 14:34:32] "[37mPOST /purchase/spec HTTP/1.1[0m" 200 -
172.17.0.1 - - [01/May/2021 14:34:33] "[37mPOST /purchase/storage HTTP/1.1[0m" 200 -
172.17.0.1 - - [01/May/2021 14:34:34] "[37mPOST /purchase/marketprice HTTP/1.1[0m" 200 -
172.17.0.1 - - [01/May/2021 14:34:35] "[37mPOST /purchase/color HTTP/1.1[0m" 200 -
172.17.0.1 - - [01/May/2021 14:34:37] "[37mPOST /purchase/marketprice HTTP/1.1[0m" 200 -
172.17.0.1 - - [01/May/2021 14:34:40] "[37mPOST /purchase/color HTTP/1.1[0m" 200 -
172.17.0.1 - - [01/May/2021 14:34:43] "[37mPOST /purchase/marketprice HTTP/1.1[0m" 200 -
172.17.0.1 - - [02/May/2021 02:23:27] "[37mPOST /purchase/maker HTTP/1.1[0m" 200 -
172.17.0.1 - - [02/May/2021 02:23:36] "[37mPOST /event/list HTTP/1.1[0m" 200 -
172.17.0.1 - - [02/May/2021 03:27:10] "[37mPOST /notice/page1 HTTP/1.1[0m" 200 -
172.17.0.1 - - [02/May/2021 03:27:46] "[37mPOST /event/list HTTP/1.1[0m" 200 -
